[2022-12-14 10:45:26,494] {taskinstance.py:1159} INFO - Dependencies all met for <TaskInstance: 3_6.world manual__2022-12-14T07:45:25.366335+00:00 [queued]>
[2022-12-14 10:45:26,506] {taskinstance.py:1159} INFO - Dependencies all met for <TaskInstance: 3_6.world manual__2022-12-14T07:45:25.366335+00:00 [queued]>
[2022-12-14 10:45:26,506] {taskinstance.py:1356} INFO - 
--------------------------------------------------------------------------------
[2022-12-14 10:45:26,509] {taskinstance.py:1357} INFO - Starting attempt 1 of 4
[2022-12-14 10:45:26,509] {taskinstance.py:1358} INFO - 
--------------------------------------------------------------------------------
[2022-12-14 10:45:26,529] {taskinstance.py:1377} INFO - Executing <Task(PythonOperator): world> on 2022-12-14 07:45:25.366335+00:00
[2022-12-14 10:45:26,533] {standard_task_runner.py:52} INFO - Started process 1217817 to run task
[2022-12-14 10:45:26,539] {standard_task_runner.py:79} INFO - Running: ['***', 'tasks', 'run', '3_6', 'world', 'manual__2022-12-14T07:45:25.366335+00:00', '--job-id', '16689', '--raw', '--subdir', 'DAGS_FOLDER/4_report/3_6.py', '--cfg-path', '/tmp/tmpfd844s7t', '--error-file', '/tmp/tmpwpbmkua1']
[2022-12-14 10:45:26,542] {standard_task_runner.py:80} INFO - Job 16689: Subtask world
[2022-12-14 10:45:26,662] {task_command.py:369} INFO - Running <TaskInstance: 3_6.world manual__2022-12-14T07:45:25.366335+00:00 [running]> on host ***
[2022-12-14 10:45:26,785] {taskinstance.py:1569} INFO - Exporting the following env vars:
AIRFLOW_CTX_DAG_EMAIL=brezhnev.aleksandr@gmail.com
AIRFLOW_CTX_DAG_OWNER=Alexander Brezhnev
AIRFLOW_CTX_DAG_ID=3_6
AIRFLOW_CTX_TASK_ID=world
AIRFLOW_CTX_EXECUTION_DATE=2022-12-14T07:45:25.366335+00:00
AIRFLOW_CTX_TRY_NUMBER=1
AIRFLOW_CTX_DAG_RUN_ID=manual__2022-12-14T07:45:25.366335+00:00
[2022-12-14 10:45:26,786] {logging_mixin.py:115} INFO - ***
[2022-12-14 10:45:26,787] {python.py:173} INFO - Done. Returned value was: None
[2022-12-14 10:45:26,810] {taskinstance.py:1395} INFO - Marking task as SUCCESS. dag_id=3_6, task_id=world, execution_date=20221214T074525, start_date=20221214T074526, end_date=20221214T074526
[2022-12-14 10:45:26,871] {local_task_job.py:156} INFO - Task exited with return code 0
[2022-12-14 10:45:26,988] {local_task_job.py:273} INFO - 0 downstream tasks scheduled from follow-on schedule check
