[2022-12-14 10:45:28,971] {taskinstance.py:1159} INFO - Dependencies all met for <TaskInstance: 3_6.random_number_to_file manual__2022-12-14T07:45:25.366335+00:00 [queued]>
[2022-12-14 10:45:28,992] {taskinstance.py:1159} INFO - Dependencies all met for <TaskInstance: 3_6.random_number_to_file manual__2022-12-14T07:45:25.366335+00:00 [queued]>
[2022-12-14 10:45:28,992] {taskinstance.py:1356} INFO - 
--------------------------------------------------------------------------------
[2022-12-14 10:45:28,992] {taskinstance.py:1357} INFO - Starting attempt 1 of 4
[2022-12-14 10:45:28,993] {taskinstance.py:1358} INFO - 
--------------------------------------------------------------------------------
[2022-12-14 10:45:29,021] {taskinstance.py:1377} INFO - Executing <Task(PythonOperator): random_number_to_file> on 2022-12-14 07:45:25.366335+00:00
[2022-12-14 10:45:29,026] {standard_task_runner.py:52} INFO - Started process 1217910 to run task
[2022-12-14 10:45:29,035] {standard_task_runner.py:79} INFO - Running: ['***', 'tasks', 'run', '3_6', 'random_number_to_file', 'manual__2022-12-14T07:45:25.366335+00:00', '--job-id', '16691', '--raw', '--subdir', 'DAGS_FOLDER/4_report/3_6.py', '--cfg-path', '/tmp/tmp9f15sadm', '--error-file', '/tmp/tmpuzpap9ls']
[2022-12-14 10:45:29,038] {standard_task_runner.py:80} INFO - Job 16691: Subtask random_number_to_file
[2022-12-14 10:45:29,200] {task_command.py:369} INFO - Running <TaskInstance: 3_6.random_number_to_file manual__2022-12-14T07:45:25.366335+00:00 [running]> on host ***
[2022-12-14 10:45:29,341] {taskinstance.py:1569} INFO - Exporting the following env vars:
AIRFLOW_CTX_DAG_EMAIL=brezhnev.aleksandr@gmail.com
AIRFLOW_CTX_DAG_OWNER=Alexander Brezhnev
AIRFLOW_CTX_DAG_ID=3_6
AIRFLOW_CTX_TASK_ID=random_number_to_file
AIRFLOW_CTX_EXECUTION_DATE=2022-12-14T07:45:25.366335+00:00
AIRFLOW_CTX_TRY_NUMBER=1
AIRFLOW_CTX_DAG_RUN_ID=manual__2022-12-14T07:45:25.366335+00:00
[2022-12-14 10:45:29,342] {python.py:173} INFO - Done. Returned value was: None
[2022-12-14 10:45:29,366] {taskinstance.py:1395} INFO - Marking task as SUCCESS. dag_id=3_6, task_id=random_number_to_file, execution_date=20221214T074525, start_date=20221214T074528, end_date=20221214T074529
[2022-12-14 10:45:29,410] {local_task_job.py:156} INFO - Task exited with return code 0
[2022-12-14 10:45:29,507] {local_task_job.py:273} INFO - 1 downstream tasks scheduled from follow-on schedule check
