[2022-12-14 10:45:26,455] {taskinstance.py:1159} INFO - Dependencies all met for <TaskInstance: 3_6.hello manual__2022-12-14T07:45:25.366335+00:00 [queued]>
[2022-12-14 10:45:26,467] {taskinstance.py:1159} INFO - Dependencies all met for <TaskInstance: 3_6.hello manual__2022-12-14T07:45:25.366335+00:00 [queued]>
[2022-12-14 10:45:26,467] {taskinstance.py:1356} INFO - 
--------------------------------------------------------------------------------
[2022-12-14 10:45:26,467] {taskinstance.py:1357} INFO - Starting attempt 1 of 4
[2022-12-14 10:45:26,467] {taskinstance.py:1358} INFO - 
--------------------------------------------------------------------------------
[2022-12-14 10:45:26,483] {taskinstance.py:1377} INFO - Executing <Task(BashOperator): hello> on 2022-12-14 07:45:25.366335+00:00
[2022-12-14 10:45:26,487] {standard_task_runner.py:52} INFO - Started process 1217815 to run task
[2022-12-14 10:45:26,492] {standard_task_runner.py:79} INFO - Running: ['***', 'tasks', 'run', '3_6', 'hello', 'manual__2022-12-14T07:45:25.366335+00:00', '--job-id', '16688', '--raw', '--subdir', 'DAGS_FOLDER/4_report/3_6.py', '--cfg-path', '/tmp/tmpe6pytrog', '--error-file', '/tmp/tmpqdbicfqp']
[2022-12-14 10:45:26,495] {standard_task_runner.py:80} INFO - Job 16688: Subtask hello
[2022-12-14 10:45:26,610] {task_command.py:369} INFO - Running <TaskInstance: 3_6.hello manual__2022-12-14T07:45:25.366335+00:00 [running]> on host ***
[2022-12-14 10:45:26,742] {taskinstance.py:1569} INFO - Exporting the following env vars:
AIRFLOW_CTX_DAG_EMAIL=brezhnev.aleksandr@gmail.com
AIRFLOW_CTX_DAG_OWNER=Alexander Brezhnev
AIRFLOW_CTX_DAG_ID=3_6
AIRFLOW_CTX_TASK_ID=hello
AIRFLOW_CTX_EXECUTION_DATE=2022-12-14T07:45:25.366335+00:00
AIRFLOW_CTX_TRY_NUMBER=1
AIRFLOW_CTX_DAG_RUN_ID=manual__2022-12-14T07:45:25.366335+00:00
[2022-12-14 10:45:26,743] {subprocess.py:62} INFO - Tmp dir root location: 
 /tmp
[2022-12-14 10:45:26,744] {subprocess.py:74} INFO - Running command: ['bash', '-c', 'echo hello']
[2022-12-14 10:45:26,754] {subprocess.py:85} INFO - Output:
[2022-12-14 10:45:26,756] {subprocess.py:92} INFO - hello
[2022-12-14 10:45:26,756] {subprocess.py:96} INFO - Command exited with return code 0
[2022-12-14 10:45:26,824] {taskinstance.py:1395} INFO - Marking task as SUCCESS. dag_id=3_6, task_id=hello, execution_date=20221214T074525, start_date=20221214T074526, end_date=20221214T074526
[2022-12-14 10:45:26,867] {local_task_job.py:156} INFO - Task exited with return code 0
[2022-12-14 10:45:26,956] {local_task_job.py:273} INFO - 1 downstream tasks scheduled from follow-on schedule check
